This is pdfTeX, Version 3.1415926-2.4-1.40.13 (TeX Live 2012) (format=pdflatex 2012.6.30)  8 APR 2013 10:32
entering extended mode
 restricted \write18 enabled.
 %&-line parsing enabled.
**thesis_template.tex
(./thesis_template.tex
LaTeX2e <2011/06/27>
Babel <v3.8m> and hyphenation patterns for english, dumylang, nohyphenation, ge
rman-x-2012-05-30, ngerman-x-2012-05-30, afrikaans, ancientgreek, ibycus, arabi
c, armenian, basque, bulgarian, catalan, pinyin, coptic, croatian, czech, danis
h, dutch, ukenglish, usenglishmax, esperanto, estonian, ethiopic, farsi, finnis
h, french, friulan, galician, german, ngerman, swissgerman, monogreek, greek, h
ungarian, icelandic, assamese, bengali, gujarati, hindi, kannada, malayalam, ma
rathi, oriya, panjabi, tamil, telugu, indonesian, interlingua, irish, italian, 
kurmanji, latin, latvian, lithuanian, mongolian, mongolianlmc, bokmal, nynorsk,
 polish, portuguese, romanian, romansh, russian, sanskrit, serbian, serbianc, s
lovak, slovenian, spanish, swedish, turkish, turkmen, ukrainian, uppersorbian, 
welsh, loaded.
(/usr/local/texlive/2012/texmf-dist/tex/latex/base/book.cls
Document Class: book 2007/10/19 v1.4h Standard LaTeX document class
(/usr/local/texlive/2012/texmf-dist/tex/latex/base/bk11.clo
File: bk11.clo 2007/10/19 v1.4h Standard LaTeX file (size option)
)
\c@part=\count79
\c@chapter=\count80
\c@section=\count81
\c@subsection=\count82
\c@subsubsection=\count83
\c@paragraph=\count84
\c@subparagraph=\count85
\c@figure=\count86
\c@table=\count87
\abovecaptionskip=\skip41
\belowcaptionskip=\skip42
\bibindent=\dimen102
) (./anuthesis.sty
Package: anuthesis 1996/11/04 v0.1 ANU Thesis Style (SB)

(/usr/local/texlive/2012/texmf-dist/tex/latex/base/ifthen.sty
Package: ifthen 2001/05/26 v1.1c Standard LaTeX ifthen package (DPC)
)
(/usr/local/texlive/2012/texmf-dist/tex/latex/base/latexsym.sty
Package: latexsym 1998/08/17 v2.2e Standard LaTeX package (lasy symbols)
\symlasy=\mathgroup4
LaTeX Font Info:    Overwriting symbol font `lasy' in version `bold'
(Font)                  U/lasy/m/n --> U/lasy/b/n on input line 47.
)
(/usr/local/texlive/2012/texmf-dist/tex/latex/setspace/setspace.sty
Package: setspace 2011/12/19 v6.7a set line spacing
))
(./fancyhdr.sty
\headwidth=\dimen103
)
(/usr/local/texlive/2012/texmf-dist/tex/latex/graphics/graphicx.sty
Package: graphicx 1999/02/16 v1.0f Enhanced LaTeX Graphics (DPC,SPQR)

(/usr/local/texlive/2012/texmf-dist/tex/latex/graphics/keyval.sty
Package: keyval 1999/03/16 v1.13 key=value parser (DPC)
\KV@toks@=\toks14
)
(/usr/local/texlive/2012/texmf-dist/tex/latex/graphics/graphics.sty
Package: graphics 2009/02/05 v1.0o Standard LaTeX Graphics (DPC,SPQR)

(/usr/local/texlive/2012/texmf-dist/tex/latex/graphics/trig.sty
Package: trig 1999/03/16 v1.09 sin cos tan (DPC)
)
(/usr/local/texlive/2012/texmf-dist/tex/latex/latexconfig/graphics.cfg
File: graphics.cfg 2010/04/23 v1.9 graphics configuration of TeX Live
)
Package graphics Info: Driver file: pdftex.def on input line 91.

(/usr/local/texlive/2012/texmf-dist/tex/latex/pdftex-def/pdftex.def
File: pdftex.def 2011/05/27 v0.06d Graphics/color for pdfTeX

(/usr/local/texlive/2012/texmf-dist/tex/generic/oberdiek/infwarerr.sty
Package: infwarerr 2010/04/08 v1.3 Providing info/warning/error messages (HO)
)
(/usr/local/texlive/2012/texmf-dist/tex/generic/oberdiek/ltxcmds.sty
Package: ltxcmds 2011/11/09 v1.22 LaTeX kernel commands for general use (HO)
)
\Gread@gobject=\count88
))
\Gin@req@height=\dimen104
\Gin@req@width=\dimen105
)
(/usr/local/texlive/2012/texmf-dist/tex/latex/cite/cite.sty
LaTeX Info: Redefining \cite on input line 302.
LaTeX Info: Redefining \nocite on input line 373.
Package: cite 2010/09/10  v 5.3
)
(/usr/local/texlive/2012/texmf-dist/tex/latex/amsmath/amsmath.sty
Package: amsmath 2000/07/18 v2.13 AMS math features
\@mathmargin=\skip43

For additional information on amsmath, use the `?' option.
(/usr/local/texlive/2012/texmf-dist/tex/latex/amsmath/amstext.sty
Package: amstext 2000/06/29 v2.01

(/usr/local/texlive/2012/texmf-dist/tex/latex/amsmath/amsgen.sty
File: amsgen.sty 1999/11/30 v2.0
\@emptytoks=\toks15
\ex@=\dimen106
))
(/usr/local/texlive/2012/texmf-dist/tex/latex/amsmath/amsbsy.sty
Package: amsbsy 1999/11/29 v1.2d
\pmbraise@=\dimen107
)
(/usr/local/texlive/2012/texmf-dist/tex/latex/amsmath/amsopn.sty
Package: amsopn 1999/12/14 v2.01 operator names
)
\inf@bad=\count89
LaTeX Info: Redefining \frac on input line 211.
\uproot@=\count90
\leftroot@=\count91
LaTeX Info: Redefining \overline on input line 307.
\classnum@=\count92
\DOTSCASE@=\count93
LaTeX Info: Redefining \ldots on input line 379.
LaTeX Info: Redefining \dots on input line 382.
LaTeX Info: Redefining \cdots on input line 467.
\Mathstrutbox@=\box26
\strutbox@=\box27
\big@size=\dimen108
LaTeX Font Info:    Redeclaring font encoding OML on input line 567.
LaTeX Font Info:    Redeclaring font encoding OMS on input line 568.
\macc@depth=\count94
\c@MaxMatrixCols=\count95
\dotsspace@=\muskip10
\c@parentequation=\count96
\dspbrk@lvl=\count97
\tag@help=\toks16
\row@=\count98
\column@=\count99
\maxfields@=\count100
\andhelp@=\toks17
\eqnshift@=\dimen109
\alignsep@=\dimen110
\tagshift@=\dimen111
\tagwidth@=\dimen112
\totwidth@=\dimen113
\lineht@=\dimen114
\@envbody=\toks18
\multlinegap=\skip44
\multlinetaggap=\skip45
\mathdisplay@stack=\toks19
LaTeX Info: Redefining \[ on input line 2666.
LaTeX Info: Redefining \] on input line 2667.
)
(./thesis_template.aux (./thanks.aux) (./abstract.aux) (./chapter1.aux)
(./chapter2.aux))
\openout1 = `thesis_template.aux'.

LaTeX Font Info:    Checking defaults for OML/cmm/m/it on input line 9.
LaTeX Font Info:    ... okay on input line 9.
LaTeX Font Info:    Checking defaults for T1/cmr/m/n on input line 9.
LaTeX Font Info:    ... okay on input line 9.
LaTeX Font Info:    Checking defaults for OT1/cmr/m/n on input line 9.
LaTeX Font Info:    ... okay on input line 9.
LaTeX Font Info:    Checking defaults for OMS/cmsy/m/n on input line 9.
LaTeX Font Info:    ... okay on input line 9.
LaTeX Font Info:    Checking defaults for OMX/cmex/m/n on input line 9.
LaTeX Font Info:    ... okay on input line 9.
LaTeX Font Info:    Checking defaults for U/cmr/m/n on input line 9.
LaTeX Font Info:    ... okay on input line 9.

(/usr/local/texlive/2012/texmf-dist/tex/context/base/supp-pdf.mkii
[Loading MPS to PDF converter (version 2006.09.02).]
\scratchcounter=\count101
\scratchdimen=\dimen115
\scratchbox=\box28
\nofMPsegments=\count102
\nofMParguments=\count103
\everyMPshowfont=\toks20
\MPscratchCnt=\count104
\MPscratchDim=\dimen116
\MPnumerator=\count105
\makeMPintoPDFobject=\count106
\everyMPtoPDFconversion=\toks21
) (/usr/local/texlive/2012/texmf-dist/tex/generic/oberdiek/pdftexcmds.sty
Package: pdftexcmds 2011/11/29 v0.20 Utility functions of pdfTeX for LuaTeX (HO
)

(/usr/local/texlive/2012/texmf-dist/tex/generic/oberdiek/ifluatex.sty
Package: ifluatex 2010/03/01 v1.3 Provides the ifluatex switch (HO)
Package ifluatex Info: LuaTeX not detected.
)
(/usr/local/texlive/2012/texmf-dist/tex/generic/oberdiek/ifpdf.sty
Package: ifpdf 2011/01/30 v2.3 Provides the ifpdf switch (HO)
Package ifpdf Info: pdfTeX in PDF mode is detected.
)
Package pdftexcmds Info: LuaTeX not detected.
Package pdftexcmds Info: \pdf@primitive is available.
Package pdftexcmds Info: \pdf@ifprimitive is available.
Package pdftexcmds Info: \pdfdraftmode found.
)
(/usr/local/texlive/2012/texmf-dist/tex/latex/oberdiek/epstopdf-base.sty
Package: epstopdf-base 2010/02/09 v2.5 Base part for package epstopdf

(/usr/local/texlive/2012/texmf-dist/tex/latex/oberdiek/grfext.sty
Package: grfext 2010/08/19 v1.1 Manage graphics extensions (HO)

(/usr/local/texlive/2012/texmf-dist/tex/generic/oberdiek/kvdefinekeys.sty
Package: kvdefinekeys 2011/04/07 v1.3 Define keys (HO)
))
(/usr/local/texlive/2012/texmf-dist/tex/latex/oberdiek/kvoptions.sty
Package: kvoptions 2011/06/30 v3.11 Key value format for package options (HO)

(/usr/local/texlive/2012/texmf-dist/tex/generic/oberdiek/kvsetkeys.sty
Package: kvsetkeys 2012/04/25 v1.16 Key value parser (HO)

(/usr/local/texlive/2012/texmf-dist/tex/generic/oberdiek/etexcmds.sty
Package: etexcmds 2011/02/16 v1.5 Avoid name clashes with e-TeX commands (HO)
Package etexcmds Info: Could not find \expanded.
(etexcmds)             That can mean that you are not using pdfTeX 1.50 or
(etexcmds)             that some package has redefined \expanded.
(etexcmds)             In the latter case, load this package earlier.
)))
Package grfext Info: Graphics extension search list:
(grfext)             [.png,.pdf,.jpg,.mps,.jpeg,.jbig2,.jb2,.PNG,.PDF,.JPG,.JPE
G,.JBIG2,.JB2,.eps]
(grfext)             \AppendGraphicsExtensions on input line 452.

(/usr/local/texlive/2012/texmf-dist/tex/latex/latexconfig/epstopdf-sys.cfg
File: epstopdf-sys.cfg 2010/07/13 v1.3 Configuration of (r)epstopdf for TeX Liv
e
))
LaTeX Font Info:    Try loading font information for U+lasy on input line 20.

(/usr/local/texlive/2012/texmf-dist/tex/latex/base/ulasy.fd
File: ulasy.fd 1998/08/17 v2.2e LaTeX symbol font definitions
) [1



{/usr/local/texlive/2012/texmf-var/fonts/map/pdftex/updmap/pdftex.map}] [2

] [3]
\openout2 = `thanks.aux'.

 (./thanks.tex
[4


]) [5]
\openout2 = `abstract.aux'.

 (./abstract.tex [6



]) [7] [8


] (./thesis_template.toc)
\tf@toc=\write3
\openout3 = `thesis_template.toc'.

 [9] [10

]
(./thesis_template.lof)
\tf@lof=\write4
\openout4 = `thesis_template.lof'.

 [1]
\openout2 = `chapter1.aux'.

 (./chapter1.tex
Chapter 1.
Package epstopdf Info: Source file: <fig1.eps>
(epstopdf)                    date: 2013-03-28 12:36:48
(epstopdf)                    size: 9464 bytes
(epstopdf)             Output file: <fig1-eps-converted-to.pdf>
(epstopdf)                    date: 2013-03-28 12:38:47
(epstopdf)                    size: 10030 bytes
(epstopdf)             Command: <repstopdf --outfile=fig1-eps-converted-to.pdf 
fig1.eps>
(epstopdf)             \includegraphics on input line 13.
Package epstopdf Info: Output file is already uptodate.
<fig1-eps-converted-to.pdf, id=43, 536.0025pt x 443.6575pt>
File: fig1-eps-converted-to.pdf Graphic file (type pdf)

<use fig1-eps-converted-to.pdf>
Package pdftex.def Info: fig1-eps-converted-to.pdf used on input line 13.
(pdftex.def)             Requested size: 284.52756pt x 235.5029pt.
) [1


 <./fig1-eps-converted-to.pdf>]
\openout2 = `chapter2.aux'.


(./chapter2.tex [2



]
Chapter 2.
<architecture.jpg, id=60, 1313.90875pt x 1042.89626pt>
File: architecture.jpg Graphic file (type jpg)
 <use architecture.jpg>
Package pdftex.def Info: architecture.jpg used on input line 8.
(pdftex.def)             Requested size: 341.43306pt x 271.00342pt.


LaTeX Warning: `!h' float specifier changed to `!ht'.

[3]
LaTeX Font Info:    Try loading font information for OMS+cmr on input line 15.
 (/usr/local/texlive/2012/texmf-dist/tex/latex/base/omscmr.fd
File: omscmr.fd 1999/05/25 v2.5h Standard LaTeX font definitions
)
LaTeX Font Info:    Font shape `OMS/cmr/m/n' in size <10.95> not available
(Font)              Font shape `OMS/cmsy/m/n' tried instead on input line 15.
 [4 <./architecture.jpg>] [5]
Missing character: There is no Ê in font cmr10!
Missing character: There is no Ê in font cmr10!
Missing character: There is no Ê in font cmr10!
Missing character: There is no Ê in font cmr10!
Missing character: There is no Ê in font cmr10!
Missing character: There is no Ê in font cmr10!
Missing character: There is no Ê in font cmr10!
Missing character: There is no Ê in font cmr10!
Missing character: There is no Ê in font cmr10!
Missing character: There is no Ê in font cmr10!
Missing character: There is no Ê in font cmr10!
Missing character: There is no Ê in font cmr10!
Missing character: There is no Ê in font cmr10!
Missing character: There is no Ê in font cmr10!
Missing character: There is no Ê in font cmr10!
Missing character: There is no Ê in font cmr10!
Missing character: There is no Ê in font cmr10!
Missing character: There is no Ê in font cmr10!
Missing character: There is no Ê in font cmr10!
Missing character: There is no Ê in font cmr10!
Missing character: There is no Ê in font cmr10!
Missing character: There is no Ê in font cmr10!
Missing character: There is no Ê in font cmr10!
Missing character: There is no Ê in font cmr10!
Missing character: There is no Ê in font cmr10!
Missing character: There is no Ê in font cmr10!
Missing character: There is no Ê in font cmr10!
Missing character: There is no Ê in font cmr10!
Missing character: There is no Ê in font cmr10!
Missing character: There is no Ê in font cmr10!
Missing character: There is no Ê in font cmr10!
Missing character: There is no Ê in font cmr10!
Missing character: There is no Ê in font cmr10!
Missing character: There is no Ê in font cmr10!
Missing character: There is no Ê in font cmr10!
Missing character: There is no Ê in font cmr10!
Missing character: There is no Ê in font cmr10!
Missing character: There is no Ê in font cmr10!
Missing character: There is no Ê in font cmr10!
Missing character: There is no Ê in font cmr10!
Missing character: There is no Ê in font cmr10!
Missing character: There is no Ê in font cmr10!
Missing character: There is no Ê in font cmr10!
Missing character: There is no Ê in font cmr10!
Missing character: There is no Ê in font cmr10!
Missing character: There is no Ê in font cmr10!
Missing character: There is no Ê in font cmr10!
Missing character: There is no Ê in font cmr10!
Missing character: There is no Ê in font cmr10!
Missing character: There is no Ê in font cmr10!
Missing character: There is no Ê in font cmr10!
Missing character: There is no Ê in font cmr10!
Missing character: There is no Ê in font cmr10!
Missing character: There is no Ê in font cmr10!
Missing character: There is no Ê in font cmr10!
Missing character: There is no Ê in font cmr10!
Missing character: There is no Ê in font cmr10!
Missing character: There is no Ê in font cmr10!
Missing character: There is no Ê in font cmr10!
Missing character: There is no Ê in font cmr10!
Missing character: There is no Ê in font cmr10!
Missing character: There is no Ê in font cmr10!
Missing character: There is no Ê in font cmr10!
Missing character: There is no Ê in font cmr10!
Missing character: There is no Ê in font cmr10!
Missing character: There is no Ê in font cmr10!
Missing character: There is no Ê in font cmr10!
Missing character: There is no Ê in font cmr10!
Missing character: There is no Ê in font cmr10!
Missing character: There is no Ê in font cmr10!
Missing character: There is no Ê in font cmr10!
Missing character: There is no Ê in font cmr10!
Missing character: There is no Ê in font cmr10!
Missing character: There is no Ê in font cmr10!
Missing character: There is no Ê in font cmr10!
Missing character: There is no Ê in font cmr10!
Missing character: There is no Ê in font cmr10!
Missing character: There is no Ê in font cmr10!
Missing character: There is no Ê in font cmr10!
Missing character: There is no Ê in font cmr10!
Missing character: There is no Ê in font cmr10!
Missing character: There is no Ê in font cmr10!
Missing character: There is no Ê in font cmr10!
Missing character: There is no Ê in font cmr10!
Missing character: There is no Ê in font cmr10!
Missing character: There is no Ê in font cmr10!
Missing character: There is no Ê in font cmr10!
Missing character: There is no Ê in font cmr10!
Missing character: There is no Ê in font cmr10!
Missing character: There is no Ê in font cmr10!
Missing character: There is no Ê in font cmr10!
Missing character: There is no Ê in font cmr10!
Missing character: There is no Ê in font cmr10!
Missing character: There is no Ê in font cmr10!
Missing character: There is no Ê in font cmr10!
Missing character: There is no Ê in font cmr10!
Missing character: There is no Ê in font cmr10!
Missing character: There is no Ê in font cmr10!
Missing character: There is no Ê in font cmr10!
Missing character: There is no Ê in font cmr10!
Missing character: There is no Ê in font cmr10!
Missing character: There is no Ê in font cmr10!
Missing character: There is no Ê in font cmr10!
Missing character: There is no Ê in font cmr10!
Missing character: There is no Ê in font cmr10!
Missing character: There is no Ê in font cmr10!
Missing character: There is no Ê in font cmr10!
Missing character: There is no Ê in font cmr10!
Missing character: There is no Ê in font cmr10!
Missing character: There is no Ê in font cmr10!
Missing character: There is no Ê in font cmr10!
Missing character: There is no Ê in font cmr10!
Missing character: There is no Ê in font cmr10!
Missing character: There is no Ê in font cmr10!
Missing character: There is no Ê in font cmr10!
Missing character: There is no Ê in font cmr10!
Missing character: There is no Ê in font cmr10!
Missing character: There is no Ê in font cmr10!
Missing character: There is no Ê in font cmr10!
Missing character: There is no Ê in font cmr10!
Missing character: There is no Ê in font cmr10!
Missing character: There is no Ê in font cmr10!
Missing character: There is no Ê in font cmr10!
Missing character: There is no Ê in font cmr10!
Missing character: There is no Ê in font cmr10!
Missing character: There is no Ê in font cmr10!
Missing character: There is no Ê in font cmr10!
Missing character: There is no Ê in font cmr10!
Missing character: There is no Ê in font cmr10!
Missing character: There is no Ê in font cmr10!
Missing character: There is no Ê in font cmr10!
Missing character: There is no Ê in font cmr10!
Missing character: There is no Ê in font cmr10!
Missing character: There is no Ê in font cmr10!
Missing character: There is no Ê in font cmr10!
Missing character: There is no Ê in font cmr10!
Missing character: There is no Ê in font cmr10!
Missing character: There is no Ê in font cmr10!
Missing character: There is no Ê in font cmr10!
Missing character: There is no Ê in font cmr10!
Missing character: There is no Ê in font cmr10!
Missing character: There is no Ê in font cmr10!
Missing character: There is no Ê in font cmr10!
Missing character: There is no Ê in font cmr10!
Missing character: There is no Ê in font cmr10!
Missing character: There is no Ê in font cmr10!
Missing character: There is no Ê in font cmr10!
Missing character: There is no Ê in font cmr10!
Missing character: There is no Ê in font cmr10!
Missing character: There is no Ê in font cmr10!
Missing character: There is no Ê in font cmr10!
Missing character: There is no Ê in font cmr10!
Missing character: There is no Ê in font cmr10!
Missing character: There is no Ê in font cmr10!
Missing character: There is no Ê in font cmr10!
Missing character: There is no Ê in font cmr10!
Missing character: There is no Ê in font cmr10!
Missing character: There is no Ê in font cmr10!
Missing character: There is no Ê in font cmr10!
Missing character: There is no Ê in font cmr10!
Missing character: There is no Ê in font cmr10!
Missing character: There is no Ê in font cmr10!
Missing character: There is no Ê in font cmr10!
Missing character: There is no Ê in font cmr10!
Missing character: There is no Ê in font cmr10!
Missing character: There is no Ê in font cmr10!
Missing character: There is no Ê in font cmr10!
Missing character: There is no Ê in font cmr10!
Missing character: There is no Ê in font cmr10!
Missing character: There is no Ê in font cmr10!
Missing character: There is no Ê in font cmr10!
Missing character: There is no Ê in font cmr10!
Missing character: There is no Ê in font cmr10!
Missing character: There is no Ê in font cmr10!
Missing character: There is no Ê in font cmr10!
Missing character: There is no Ê in font cmr10!
Missing character: There is no Ê in font cmr10!
Missing character: There is no Ê in font cmr10!
Missing character: There is no Ê in font cmr10!
Missing character: There is no Ê in font cmr10!
Missing character: There is no Ê in font cmr10!
Missing character: There is no Ê in font cmr10!
Missing character: There is no Ê in font cmr10!
Missing character: There is no Ê in font cmr10!
Missing character: There is no Ê in font cmr10!
Missing character: There is no Ê in font cmr10!
Missing character: There is no Ê in font cmr10!
Missing character: There is no Ê in font cmr10!
Missing character: There is no Ê in font cmr10!
Missing character: There is no Ê in font cmr10!
Missing character: There is no Ê in font cmr10!
Missing character: There is no Ê in font cmr10!
Missing character: There is no Ê in font cmr10!
Missing character: There is no Ê in font cmr10!
Missing character: There is no Ê in font cmr10!
Missing character: There is no Ê in font cmr10!
Missing character: There is no Ê in font cmr10!
Missing character: There is no Ê in font cmr10!
Missing character: There is no Ê in font cmr10!
Missing character: There is no Ê in font cmr10!
Missing character: There is no Ê in font cmr10!
Missing character: There is no Ê in font cmr10!
Missing character: There is no Ò in font cmr10!
Missing character: There is no Ó in font cmr10!

Underfull \vbox (badness 10000) has occurred while \output is active []

 [6]
Underfull \vbox (badness 10000) has occurred while \output is active []

 [7]
Missing character: There is no Õ in font cmr10!

Underfull \vbox (badness 3895) has occurred while \output is active []

 [8])
[9] (./thesis_template.bbl [10


] [11]) [12] (./thesis_template.aux (./thanks.aux) (./abstract.aux) (./chapter1
.aux) (./chapter2.aux)) ) 
Here is how much of TeX's memory you used:
 2529 strings out of 493488
 33992 string characters out of 3141326
 96218 words of memory out of 3000000
 5757 multiletter control sequences out of 15000+200000
 12825 words of font info for 50 fonts, out of 3000000 for 9000
 957 hyphenation exceptions out of 8191
 38i,16n,40p,2556b,258s stack positions out of 5000i,500n,10000p,200000b,50000s
</usr/local/texlive/2012/texmf-dist/fonts/type1/public
/amsfonts/cm/cmbx10.pfb></usr/local/texlive/2012/texmf-dist/fonts/type1/public/
amsfonts/cm/cmbx12.pfb></usr/local/texlive/2012/texmf-dist/fonts/type1/public/a
msfonts/cm/cmex10.pfb></usr/local/texlive/2012/texmf-dist/fonts/type1/public/am
sfonts/cm/cmmi10.pfb></usr/local/texlive/2012/texmf-dist/fonts/type1/public/ams
fonts/cm/cmmi6.pfb></usr/local/texlive/2012/texmf-dist/fonts/type1/public/amsfo
nts/cm/cmmi8.pfb></usr/local/texlive/2012/texmf-dist/fonts/type1/public/amsfont
s/cm/cmr10.pfb></usr/local/texlive/2012/texmf-dist/fonts/type1/public/amsfonts/
cm/cmr7.pfb></usr/local/texlive/2012/texmf-dist/fonts/type1/public/amsfonts/cm/
cmr8.pfb></usr/local/texlive/2012/texmf-dist/fonts/type1/public/amsfonts/cm/cms
l10.pfb></usr/local/texlive/2012/texmf-dist/fonts/type1/public/amsfonts/cm/cmsy
10.pfb></usr/local/texlive/2012/texmf-dist/fonts/type1/public/amsfonts/cm/cmsy8
.pfb></usr/local/texlive/2012/texmf-dist/fonts/type1/public/amsfonts/cm/cmti10.
pfb>
Output written on thesis_template.pdf (23 pages, 413756 bytes).
PDF statistics:
 140 PDF objects out of 1000 (max. 8388607)
 97 compressed objects within 1 object stream
 0 named destinations out of 1000 (max. 500000)
 11 words of extra memory for PDF output out of 10000 (max. 10000000)

